[debug] [2022-10-27T14:59:27.665Z] ----------------------------------------------------------------------
[debug] [2022-10-27T14:59:27.666Z] Command:       C:\Program Files\nodejs\node.exe C:\Users\hasan\AppData\Roaming\npm\node_modules\firebase-tools\lib\bin\firebase.js deploy
[debug] [2022-10-27T14:59:27.667Z] CLI Version:   11.15.0
[debug] [2022-10-27T14:59:27.667Z] Platform:      win32
[debug] [2022-10-27T14:59:27.667Z] Node Version:  v18.11.0
[debug] [2022-10-27T14:59:27.673Z] Time:          Thu Oct 27 2022 20:59:27 GMT+0600 (Bangladesh Standard Time)
[debug] [2022-10-27T14:59:27.673Z] ----------------------------------------------------------------------
[debug] 
[debug] [2022-10-27T14:59:27.748Z] > command requires scopes: ["email","openid","https://www.googleapis.com/auth/cloudplatformprojects.readonly","https://www.googleapis.com/auth/firebase","https://www.googleapis.com/auth/cloud-platform"]
[debug] [2022-10-27T14:59:27.749Z] > authorizing via signed-in user (hasantonmoy550@gmail.com)
[debug] [2022-10-27T14:59:27.749Z] [iam] checking project learning-project-app for permissions ["firebase.projects.get","firebasehosting.sites.update"]
[debug] [2022-10-27T14:59:27.751Z] >>> [apiv2][query] POST https://cloudresourcemanager.googleapis.com/v1/projects/learning-project-app:testIamPermissions [none]
[debug] [2022-10-27T14:59:27.751Z] >>> [apiv2][(partial)header] POST https://cloudresourcemanager.googleapis.com/v1/projects/learning-project-app:testIamPermissions x-goog-quota-user=projects/learning-project-app
[debug] [2022-10-27T14:59:27.751Z] >>> [apiv2][body] POST https://cloudresourcemanager.googleapis.com/v1/projects/learning-project-app:testIamPermissions {"permissions":["firebase.projects.get","firebasehosting.sites.update"]}
[debug] [2022-10-27T14:59:29.297Z] <<< [apiv2][status] POST https://cloudresourcemanager.googleapis.com/v1/projects/learning-project-app:testIamPermissions 200
[debug] [2022-10-27T14:59:29.298Z] <<< [apiv2][body] POST https://cloudresourcemanager.googleapis.com/v1/projects/learning-project-app:testIamPermissions {"permissions":["firebase.projects.get","firebasehosting.sites.update"]}
[debug] [2022-10-27T14:59:29.300Z] >>> [apiv2][query] GET https://firebase.googleapis.com/v1beta1/projects/learning-project-app [none]
[debug] [2022-10-27T14:59:31.345Z] <<< [apiv2][status] GET https://firebase.googleapis.com/v1beta1/projects/learning-project-app 200
[debug] [2022-10-27T14:59:31.345Z] <<< [apiv2][body] GET https://firebase.googleapis.com/v1beta1/projects/learning-project-app {"projectId":"learning-project-app","projectNumber":"922882260949","displayName":"learning-project-app","name":"projects/learning-project-app","resources":{"hostingSite":"learning-project-app"},"state":"ACTIVE","etag":"1_a990d3ef-05e0-43e6-8919-0da56c8e763b"}
[info] 
[info] === Deploying to 'learning-project-app'...
[info] 
[info] i  deploying hosting 
[debug] [2022-10-27T14:59:31.352Z] >>> [apiv2][query] POST https://firebasehosting.googleapis.com/v1beta1/projects/-/sites/learning-project-app/versions [none]
[debug] [2022-10-27T14:59:31.352Z] >>> [apiv2][body] POST https://firebasehosting.googleapis.com/v1beta1/projects/-/sites/learning-project-app/versions {"status":"CREATED","labels":{"deployment-tool":"cli-firebase"}}
[debug] [2022-10-27T14:59:32.933Z] <<< [apiv2][status] POST https://firebasehosting.googleapis.com/v1beta1/projects/-/sites/learning-project-app/versions 200
[debug] [2022-10-27T14:59:32.933Z] <<< [apiv2][body] POST https://firebasehosting.googleapis.com/v1beta1/projects/-/sites/learning-project-app/versions {"name":"projects/922882260949/sites/learning-project-app/versions/2514b7d909b5dfb8","status":"CREATED","config":{},"labels":{"deployment-tool":"cli-firebase"}}
[info] i  hosting[learning-project-app]: beginning deploy... 
[info] i  hosting[learning-project-app]: found 14 files in build 
[debug] [2022-10-27T14:59:32.948Z] [hosting] uploading with 200 concurrency
[debug] [2022-10-27T14:59:33.281Z] [hosting] hash cache [YnVpbGQ] stored for 14 files
[debug] [2022-10-27T14:59:33.281Z] [hosting][hash queue][FINAL] {"max":321,"min":2,"avg":32.07142857142857,"active":0,"complete":14,"success":14,"errored":0,"retried":0,"total":14,"elapsed":329}
[debug] [2022-10-27T14:59:33.282Z] >>> [apiv2][query] POST https://firebasehosting.googleapis.com/v1beta1/projects/922882260949/sites/learning-project-app/versions/2514b7d909b5dfb8:populateFiles [none]
[debug] [2022-10-27T14:59:33.282Z] >>> [apiv2][body] POST https://firebasehosting.googleapis.com/v1beta1/projects/922882260949/sites/learning-project-app/versions/2514b7d909b5dfb8:populateFiles {"files":{"/favicon.ico":"eae62e993eb980ec8a25058c39d5a51feab118bd2100c4deebb2a9c158ec11f9","/logo192.png":"3ee59515172ee198f3be375979df15ac5345183e656720a381b8872b2a39dc8b","/logo512.png":"ee7e2f3fdb8209c4b6fd7bef6ba50d1b9dba30a25bb5c3126df057e1cb6f5331","/manifest.json":"aff3449bdc238776f5d6d967f19ec491b36aed5fb7f23ccff6500736fd58494a","/robots.txt":"bfe106a3fb878dc83461c86818bf74fc1bdc7f28538ba613cd3e775516ce8b49","/asset-manifest.json":"23f69b728878da5f45db66f920013f094e48c4a527f42bab6d8118a366ad7f00","/index.html":"b3ccdeaa75daf943ffa9cf5043611c06bc80788eb3e05626cc922a8d7e565657","/static/js/787.47e01e30.chunk.js":"9ae2b545605b0d5b3b8a618ef33ae83fe909dcc1b9b2aa47be800dbbca40946a","/static/js/787.47e01e30.chunk.js.map":"c563888f489eb79420e40f77739c09e69af6531bb43ac587425db3f4f128dd92","/static/js/main.21334262.js.LICENSE.txt":"1a2b94732ee07b5b8b1a00815d2d007bbefb4911140bb64bf9685035ac1ab7e0","/static/css/main.03a8e171.css":"8fb8af7a209e267c3a7f9cc25a5c5fb6625a0886eb75f5f17273e6efb647ba4b","/static/js/main.21334262.js":"4b1b9a5123cafc68350f654f2afd1147039ebd413b5d1d382d2f9bad25429a45","/static/css/main.03a8e171.css.map":"b8bccf040e7323e37c470a5d8439e331d40aad7437cfd66f218685f2b3697661","/static/js/main.21334262.js.map":"1a0b3697e10c162f22067a0af292cb0d3468ce81156e843103b55c7210c5d4c6"}}
[debug] [2022-10-27T14:59:34.686Z] <<< [apiv2][status] POST https://firebasehosting.googleapis.com/v1beta1/projects/922882260949/sites/learning-project-app/versions/2514b7d909b5dfb8:populateFiles 200
[debug] [2022-10-27T14:59:34.687Z] <<< [apiv2][body] POST https://firebasehosting.googleapis.com/v1beta1/projects/922882260949/sites/learning-project-app/versions/2514b7d909b5dfb8:populateFiles {"uploadUrl":"https://upload-firebasehosting.googleapis.com/upload/sites/learning-project-app/versions/2514b7d909b5dfb8/files"}
[debug] [2022-10-27T14:59:34.687Z] [hosting][populate queue][FINAL] {"max":1408,"min":1408,"avg":1408,"active":0,"complete":1,"success":1,"errored":0,"retried":0,"total":1,"elapsed":1408}
[debug] [2022-10-27T14:59:34.687Z] [hosting] uploads queued: 0
[debug] [2022-10-27T14:59:34.687Z] [hosting][upload queue][FINAL] {"max":0,"min":9999999999,"avg":0,"active":0,"complete":0,"success":0,"errored":0,"retried":0,"total":0,"elapsed":1666882774687}
[info] +  hosting[learning-project-app]: file upload complete 
[debug] [2022-10-27T14:59:34.689Z] [hosting] deploy completed after 1754ms
[debug] [2022-10-27T14:59:34.710Z] [
  {
    "config": {
      "public": "build",
      "ignore": [
        "firebase.json",
        "**/.*",
        "**/node_modules/**"
      ],
      "rewrites": [
        {
          "source": "**",
          "destination": "/index.html"
        }
      ],
      "site": "learning-project-app"
    },
    "version": "projects/922882260949/sites/learning-project-app/versions/2514b7d909b5dfb8"
  }
]
[info] i  hosting[learning-project-app]: finalizing version... 
[debug] [2022-10-27T14:59:34.721Z] >>> [apiv2][query] PATCH https://firebasehosting.googleapis.com/v1beta1/projects/-/sites/learning-project-app/versions/2514b7d909b5dfb8 updateMask=status%2Cconfig
[debug] [2022-10-27T14:59:34.721Z] >>> [apiv2][body] PATCH https://firebasehosting.googleapis.com/v1beta1/projects/-/sites/learning-project-app/versions/2514b7d909b5dfb8 {"status":"FINALIZED","config":{"rewrites":[{"glob":"**","path":"/index.html"}]}}
[debug] [2022-10-27T14:59:35.978Z] <<< [apiv2][status] PATCH https://firebasehosting.googleapis.com/v1beta1/projects/-/sites/learning-project-app/versions/2514b7d909b5dfb8 200
[debug] [2022-10-27T14:59:35.978Z] <<< [apiv2][body] PATCH https://firebasehosting.googleapis.com/v1beta1/projects/-/sites/learning-project-app/versions/2514b7d909b5dfb8 {"name":"projects/922882260949/sites/learning-project-app/versions/2514b7d909b5dfb8","status":"FINALIZED","config":{"rewrites":[{"glob":"**","path":"/index.html"}]},"labels":{"deployment-tool":"cli-firebase"},"createTime":"2022-10-27T14:59:32.596586Z","createUser":{"email":"hasantonmoy550@gmail.com"},"finalizeTime":"2022-10-27T14:59:36.063062Z","finalizeUser":{"email":"hasantonmoy550@gmail.com"}}
[debug] [2022-10-27T14:59:35.979Z] [hosting] finalized version for learning-project-app:[object Object]
[info] +  hosting[learning-project-app]: version finalized 
[info] i  hosting[learning-project-app]: releasing new version... 
[debug] [2022-10-27T14:59:35.980Z] >>> [apiv2][query] POST https://firebasehosting.googleapis.com/v1beta1/projects/-/sites/learning-project-app/channels/live/releases versionName=projects%2F922882260949%2Fsites%2Flearning-project-app%2Fversions%2F2514b7d909b5dfb8
[debug] [2022-10-27T14:59:35.980Z] >>> [apiv2][body] POST https://firebasehosting.googleapis.com/v1beta1/projects/-/sites/learning-project-app/channels/live/releases {}
[debug] [2022-10-27T14:59:37.223Z] <<< [apiv2][status] POST https://firebasehosting.googleapis.com/v1beta1/projects/-/sites/learning-project-app/channels/live/releases 200
[debug] [2022-10-27T14:59:37.223Z] <<< [apiv2][body] POST https://firebasehosting.googleapis.com/v1beta1/projects/-/sites/learning-project-app/channels/live/releases {"name":"projects/922882260949/sites/learning-project-app/channels/live/releases/1666882776590131","version":{"name":"projects/922882260949/sites/learning-project-app/versions/2514b7d909b5dfb8","status":"FINALIZED","config":{"rewrites":[{"glob":"**","path":"/index.html"}]},"labels":{"deployment-tool":"cli-firebase"},"createTime":"2022-10-27T14:59:32.596586Z","createUser":{"email":"hasantonmoy550@gmail.com","imageUrl":"https://lh3.googleusercontent.com/a/ALm5wu0DifOR6O3Wd68IcnIJdLC47MPH25Ncgd4RRqQx"},"finalizeTime":"2022-10-27T14:59:36.063062Z","finalizeUser":{"email":"hasantonmoy550@gmail.com","imageUrl":"https://lh3.googleusercontent.com/a/ALm5wu0DifOR6O3Wd68IcnIJdLC47MPH25Ncgd4RRqQx"}},"type":"DEPLOY","releaseTime":"2022-10-27T14:59:36.590131051Z","releaseUser":{"email":"hasantonmoy550@gmail.com","imageUrl":"https://lh3.googleusercontent.com/a/ALm5wu0DifOR6O3Wd68IcnIJdLC47MPH25Ncgd4RRqQx"}}
[debug] [2022-10-27T14:59:37.223Z] [hosting] release: {"name":"projects/922882260949/sites/learning-project-app/channels/live/releases/1666882776590131","version":{"name":"projects/922882260949/sites/learning-project-app/versions/2514b7d909b5dfb8","status":"FINALIZED","config":{"rewrites":[{"glob":"**","path":"/index.html"}]},"labels":{"deployment-tool":"cli-firebase"},"createTime":"2022-10-27T14:59:32.596586Z","createUser":{"email":"hasantonmoy550@gmail.com","imageUrl":"https://lh3.googleusercontent.com/a/ALm5wu0DifOR6O3Wd68IcnIJdLC47MPH25Ncgd4RRqQx"},"finalizeTime":"2022-10-27T14:59:36.063062Z","finalizeUser":{"email":"hasantonmoy550@gmail.com","imageUrl":"https://lh3.googleusercontent.com/a/ALm5wu0DifOR6O3Wd68IcnIJdLC47MPH25Ncgd4RRqQx"}},"type":"DEPLOY","releaseTime":"2022-10-27T14:59:36.590131051Z","releaseUser":{"email":"hasantonmoy550@gmail.com","imageUrl":"https://lh3.googleusercontent.com/a/ALm5wu0DifOR6O3Wd68IcnIJdLC47MPH25Ncgd4RRqQx"}}
[info] +  hosting[learning-project-app]: release complete 
[info] 
[info] +  Deploy complete! 
[info] 
[info] Project Console: https://console.firebase.google.com/project/learning-project-app/overview
[info] Hosting URL: https://learning-project-app.web.app
[debug] [2022-10-27T14:59:55.823Z] Error: Timed out.
    at Timeout._onTimeout (C:\Users\hasan\AppData\Roaming\npm\node_modules\firebase-tools\lib\utils.js:253:49)
    at listOnTimeout (node:internal/timers:564:17)
    at process.processTimers (node:internal/timers:507:7)
[error] 
[error] Error: An unexpected error has occurred.
